Arguments: 
  /Users/therebelrobot/.nvm/versions/node/v8.2.1/bin/node /usr/local/bin/yarn add ksuid @therebel/logger

PATH: 
  /Users/therebelrobot/.nvm/versions/node/v8.2.1/bin:/Users/therebelrobot/.Pokemon-Terminal:/Users/therebelrobot/bin:/Users/therebelrobot/.dotfiles/bin:/usr/local/go/bin:/Users/therebelrobot/.yarn/bin:/usr/local/sbin:/usr/local/heroku/bin:/usr/local/bin:/usr/bin:/bin:/usr/sbin:/sbin:/opt/X11/bin:/usr/local/MacGPG2/bin:/Users/therebelrobot/git/bin:/Users/therebelrobot/git/github.com/segmentio/dotfiles/scripts

Yarn version: 
  0.23.2

Node version: 
  8.2.1

Platform: 
  darwin x64

npm manifest: 
  {
    "name": "@therebel/req-logger",
    "version": "0.0.1",
    "description": "A wrapper for zeit/micro controllers that logs requests and notifies of slow responses, with unique IDs",
    "main": "index.js",
    "scripts": {
      "test": "echo \"Error: no test specified\" && exit 1"
    },
    "repository": {
      "type": "git",
      "url": "git+ssh://git@github.com/therebelrobot/micro-req-logger.git"
    },
    "author": "Ozzy Haven <npm@therebelrobot.com> (@therebelrobot)",
    "license": "MIT",
    "bugs": {
      "url": "https://github.com/therebelrobot/micro-req-logger/issues"
    },
    "homepage": "https://github.com/therebelrobot/micro-req-logger#readme"
  }

yarn manifest: 
  No manifest

Lockfile: 
  No lockfile

Trace: 
  Error: https://registry.yarnpkg.com/@therebel%2flogger: Not found
      at Request.params.callback [as _callback] (/usr/local/Cellar/yarn/0.23.2/libexec/lib/util/request-manager.js:326:18)
      at Request.self.callback (/usr/local/Cellar/yarn/0.23.2/libexec/node_modules/request/request.js:188:22)
      at emitTwo (events.js:125:13)
      at Request.emit (events.js:213:7)
      at Request.<anonymous> (/usr/local/Cellar/yarn/0.23.2/libexec/node_modules/request/request.js:1171:10)
      at emitOne (events.js:115:13)
      at Request.emit (events.js:210:7)
      at IncomingMessage.<anonymous> (/usr/local/Cellar/yarn/0.23.2/libexec/node_modules/request/request.js:1091:12)
      at Object.onceWrapper (events.js:314:30)
      at emitNone (events.js:110:20)
